<?xml version="1.0" encoding="UTF-8"?>
<testng-results total="2" passed="2" failed="0" skipped="0">
  <reporter-output>
  </reporter-output>
  <suite started-at="2019-10-03T14:24:26Z" name="Default suite" finished-at="2019-10-03T14:36:00Z" duration-ms="693333">
    <groups>
    </groups>
    <test started-at="2019-10-03T14:24:26Z" name="Default test" finished-at="2019-10-03T14:36:00Z" duration-ms="693333">
      <class name="cl.bcs.application.suite.execute.SpotExecute$ExtentReportsClass">
        <test-method is-config="true" signature="startReport()[pri:0, instance:cl.bcs.application.suite.execute.SpotExecute$ExtentReportsClass@117e949d]" started-at="2019-10-03T11:24:26Z" name="startReport" finished-at="2019-10-03T11:24:37Z" duration-ms="10513" status="PASS">
          <reporter-output>
          </reporter-output>
        </test-method> <!-- startReport -->
        <test-method signature="variacion0()[pri:1, instance:cl.bcs.application.suite.execute.SpotExecute$ExtentReportsClass@117e949d]" started-at="2019-10-03T11:24:37Z" name="variacion0" finished-at="2019-10-03T11:24:52Z" duration-ms="14898" status="PASS">
          <reporter-output>
          </reporter-output>
        </test-method> <!-- variacion0 -->
        <test-method is-config="true" signature="getResult(org.testng.ITestResult)[pri:0, instance:cl.bcs.application.suite.execute.SpotExecute$ExtentReportsClass@117e949d]" started-at="2019-10-03T11:24:52Z" name="getResult" finished-at="2019-10-03T11:24:52Z" duration-ms="2" status="PASS">
          <params>
            <param index="0">
              <value>
                <![CDATA[[TestResult name=variacion0 status=SUCCESS method=SpotExecute$ExtentReportsClass.variacion0()[pri:1, instance:cl.bcs.application.suite.execute.SpotExecute$ExtentReportsClass@117e949d] output={null}]]]>
              </value>
            </param>
          </params>
          <reporter-output>
          </reporter-output>
        </test-method> <!-- getResult -->
        <test-method signature="variacion6()[pri:7, instance:cl.bcs.application.suite.execute.SpotExecute$ExtentReportsClass@117e949d]" started-at="2019-10-03T11:24:52Z" name="variacion6" finished-at="2019-10-03T11:35:57Z" duration-ms="665167" status="PASS">
          <reporter-output>
          </reporter-output>
        </test-method> <!-- variacion6 -->
        <test-method is-config="true" signature="getResult(org.testng.ITestResult)[pri:0, instance:cl.bcs.application.suite.execute.SpotExecute$ExtentReportsClass@117e949d]" started-at="2019-10-03T11:35:57Z" name="getResult" finished-at="2019-10-03T11:35:57Z" duration-ms="0" status="PASS">
          <params>
            <param index="0">
              <value>
                <![CDATA[[TestResult name=variacion6 status=SUCCESS method=SpotExecute$ExtentReportsClass.variacion6()[pri:7, instance:cl.bcs.application.suite.execute.SpotExecute$ExtentReportsClass@117e949d] output={null}]]]>
              </value>
            </param>
          </params>
          <reporter-output>
          </reporter-output>
        </test-method> <!-- getResult -->
        <test-method is-config="true" signature="endReport()[pri:0, instance:cl.bcs.application.suite.execute.SpotExecute$ExtentReportsClass@117e949d]" started-at="2019-10-03T11:35:57Z" name="endReport" finished-at="2019-10-03T11:36:00Z" duration-ms="2742" status="PASS">
          <reporter-output>
          </reporter-output>
        </test-method> <!-- endReport -->
      </class> <!-- cl.bcs.application.suite.execute.SpotExecute$ExtentReportsClass -->
    </test> <!-- Default test -->
  </suite> <!-- Default suite -->
</testng-results>
